This is pdfTeX, Version 3.14159265-2.6-1.40.21 (TeX Live 2020/Arch Linux) (preloaded format=pdflatex 2020.7.20)  10 SEP 2020 00:24
entering extended mode
 restricted \write18 enabled.
 %&-line parsing enabled.
**master_thesis.tex
(./master_thesis.tex
LaTeX2e <2020-02-02> patch level 5
L3 programming layer <2020-06-03> (/usr/share/texmf-dist/tex/latex/base/book.cl
s
Document Class: book 2019/12/20 v1.4l Standard LaTeX document class
(/usr/share/texmf-dist/tex/latex/base/bk10.clo
File: bk10.clo 2019/12/20 v1.4l Standard LaTeX file (size option)
)
\c@part=\count167
\c@chapter=\count168
\c@section=\count169
\c@subsection=\count170
\c@subsubsection=\count171
\c@paragraph=\count172
\c@subparagraph=\count173
\c@figure=\count174
\c@table=\count175
\abovecaptionskip=\skip47
\belowcaptionskip=\skip48
\bibindent=\dimen134
) (/usr/share/texmf-dist/tex/latex/lm/lmodern.sty
Package: lmodern 2009/10/30 v1.6 Latin Modern Fonts
LaTeX Font Info:    Overwriting symbol font `operators' in version `normal'
(Font)                  OT1/cmr/m/n --> OT1/lmr/m/n on input line 22.
LaTeX Font Info:    Overwriting symbol font `letters' in version `normal'
(Font)                  OML/cmm/m/it --> OML/lmm/m/it on input line 23.
LaTeX Font Info:    Overwriting symbol font `symbols' in version `normal'
(Font)                  OMS/cmsy/m/n --> OMS/lmsy/m/n on input line 24.
LaTeX Font Info:    Overwriting symbol font `largesymbols' in version `normal'
(Font)                  OMX/cmex/m/n --> OMX/lmex/m/n on input line 25.
LaTeX Font Info:    Overwriting symbol font `operators' in version `bold'
(Font)                  OT1/cmr/bx/n --> OT1/lmr/bx/n on input line 26.
LaTeX Font Info:    Overwriting symbol font `letters' in version `bold'
(Font)                  OML/cmm/b/it --> OML/lmm/b/it on input line 27.
LaTeX Font Info:    Overwriting symbol font `symbols' in version `bold'
(Font)                  OMS/cmsy/b/n --> OMS/lmsy/b/n on input line 28.
LaTeX Font Info:    Overwriting symbol font `largesymbols' in version `bold'
(Font)                  OMX/cmex/m/n --> OMX/lmex/m/n on input line 29.
LaTeX Font Info:    Overwriting math alphabet `\mathbf' in version `normal'
(Font)                  OT1/cmr/bx/n --> OT1/lmr/bx/n on input line 31.
LaTeX Font Info:    Overwriting math alphabet `\mathsf' in version `normal'
(Font)                  OT1/cmss/m/n --> OT1/lmss/m/n on input line 32.
LaTeX Font Info:    Overwriting math alphabet `\mathit' in version `normal'
(Font)                  OT1/cmr/m/it --> OT1/lmr/m/it on input line 33.
LaTeX Font Info:    Overwriting math alphabet `\mathtt' in version `normal'
(Font)                  OT1/cmtt/m/n --> OT1/lmtt/m/n on input line 34.
LaTeX Font Info:    Overwriting math alphabet `\mathbf' in version `bold'
(Font)                  OT1/cmr/bx/n --> OT1/lmr/bx/n on input line 35.
LaTeX Font Info:    Overwriting math alphabet `\mathsf' in version `bold'
(Font)                  OT1/cmss/bx/n --> OT1/lmss/bx/n on input line 36.
LaTeX Font Info:    Overwriting math alphabet `\mathit' in version `bold'
(Font)                  OT1/cmr/bx/it --> OT1/lmr/bx/it on input line 37.
LaTeX Font Info:    Overwriting math alphabet `\mathtt' in version `bold'
(Font)                  OT1/cmtt/m/n --> OT1/lmtt/m/n on input line 38.
) (/usr/share/texmf-dist/tex/latex/amsfonts/amssymb.sty
Package: amssymb 2013/01/14 v3.01 AMS font symbols
(/usr/share/texmf-dist/tex/latex/amsfonts/amsfonts.sty
Package: amsfonts 2013/01/14 v3.01 Basic AMSFonts support
\@emptytoks=\toks15
\symAMSa=\mathgroup4
\symAMSb=\mathgroup5
LaTeX Font Info:    Redeclaring math symbol \hbar on input line 98.
LaTeX Font Info:    Overwriting math alphabet `\mathfrak' in version `bold'
(Font)                  U/euf/m/n --> U/euf/b/n on input line 106.
)) (/usr/share/texmf-dist/tex/latex/amsmath/amsmath.sty
Package: amsmath 2020/01/20 v2.17e AMS math features
\@mathmargin=\skip49
For additional information on amsmath, use the `?' option.
(/usr/share/texmf-dist/tex/latex/amsmath/amstext.sty
Package: amstext 2000/06/29 v2.01 AMS text
(/usr/share/texmf-dist/tex/latex/amsmath/amsgen.sty
File: amsgen.sty 1999/11/30 v2.0 generic functions
\@emptytoks=\toks16
\ex@=\dimen135
)) (/usr/share/texmf-dist/tex/latex/amsmath/amsbsy.sty
Package: amsbsy 1999/11/29 v1.2d Bold Symbols
\pmbraise@=\dimen136
) (/usr/share/texmf-dist/tex/latex/amsmath/amsopn.sty
Package: amsopn 2016/03/08 v2.02 operator names
)
\inf@bad=\count176
LaTeX Info: Redefining \frac on input line 227.
\uproot@=\count177
\leftroot@=\count178
LaTeX Info: Redefining \overline on input line 389.
\classnum@=\count179
\DOTSCASE@=\count180
LaTeX Info: Redefining \ldots on input line 486.
LaTeX Info: Redefining \dots on input line 489.
LaTeX Info: Redefining \cdots on input line 610.
\Mathstrutbox@=\box45
\strutbox@=\box46
\big@size=\dimen137
LaTeX Font Info:    Redeclaring font encoding OML on input line 733.
LaTeX Font Info:    Redeclaring font encoding OMS on input line 734.
\macc@depth=\count181
\c@MaxMatrixCols=\count182
\dotsspace@=\muskip16
\c@parentequation=\count183
\dspbrk@lvl=\count184
\tag@help=\toks17
\row@=\count185
\column@=\count186
\maxfields@=\count187
\andhelp@=\toks18
\eqnshift@=\dimen138
\alignsep@=\dimen139
\tagshift@=\dimen140
\tagwidth@=\dimen141
\totwidth@=\dimen142
\lineht@=\dimen143
\@envbody=\toks19
\multlinegap=\skip50
\multlinetaggap=\skip51
\mathdisplay@stack=\toks20
LaTeX Info: Redefining \[ on input line 2859.
LaTeX Info: Redefining \] on input line 2860.
) (/usr/share/texmf-dist/tex/generic/iftex/ifxetex.sty
Package: ifxetex 2019/10/25 v0.7 ifxetex legacy package. Use iftex instead.
(/usr/share/texmf-dist/tex/generic/iftex/iftex.sty
Package: iftex 2020/03/06 v1.0d TeX engine tests
)) (/usr/share/texmf-dist/tex/generic/iftex/ifluatex.sty
Package: ifluatex 2019/10/25 v1.5 ifluatex legacy package. Use iftex instead.
) (/usr/share/texmf-dist/tex/latex/base/fontenc.sty
Package: fontenc 2020/02/11 v2.0o Standard LaTeX package
LaTeX Font Info:    Trying to load font information for T1+lmr on input line 11
2.
(/usr/share/texmf-dist/tex/latex/lm/t1lmr.fd
File: t1lmr.fd 2009/10/30 v1.6 Font defs for Latin Modern
)) (/usr/share/texmf-dist/tex/latex/base/inputenc.sty
Package: inputenc 2018/08/11 v1.3c Input encoding file
\inpenc@prehook=\toks21
\inpenc@posthook=\toks22
) (/usr/share/texmf-dist/tex/latex/base/textcomp.sty
Package: textcomp 2020/02/02 v2.0n Standard LaTeX package
) (/usr/share/texmf-dist/tex/latex/upquote/upquote.sty
Package: upquote 2012/04/19 v1.3 upright-quote and grave-accent glyphs in verba
tim
) (/usr/share/texmf-dist/tex/latex/microtype/microtype.sty
Package: microtype 2019/11/18 v2.7d Micro-typographical refinements (RS)
(/usr/share/texmf-dist/tex/latex/graphics/keyval.sty
Package: keyval 2014/10/28 v1.15 key=value parser (DPC)
\KV@toks@=\toks23
)
\MT@toks=\toks24
\MT@count=\count188
LaTeX Info: Redefining \textls on input line 790.
\MT@outer@kern=\dimen144
LaTeX Info: Redefining \textmicrotypecontext on input line 1354.
\MT@listname@count=\count189
(/usr/share/texmf-dist/tex/latex/microtype/microtype-pdftex.def
File: microtype-pdftex.def 2019/11/18 v2.7d Definitions specific to pdftex (RS)

LaTeX Info: Redefining \lsstyle on input line 914.
LaTeX Info: Redefining \lslig on input line 914.
\MT@outer@space=\skip52
)
Package microtype Info: Loading configuration file microtype.cfg.
(/usr/share/texmf-dist/tex/latex/microtype/microtype.cfg
File: microtype.cfg 2019/11/18 v2.7d microtype main configuration file (RS)
)) (/usr/share/texmf-dist/tex/latex/parskip/parskip.sty
Package: parskip 2020-05-19 v2.0e non-zero parskip adjustments
(/usr/share/texmf-dist/tex/latex/kvoptions/kvoptions.sty
Package: kvoptions 2019/11/29 v3.13 Key value format for package options (HO)
(/usr/share/texmf-dist/tex/generic/ltxcmds/ltxcmds.sty
Package: ltxcmds 2019/12/15 v1.24 LaTeX kernel commands for general use (HO)
) (/usr/share/texmf-dist/tex/generic/kvsetkeys/kvsetkeys.sty
Package: kvsetkeys 2019/12/15 v1.18 Key value parser (HO)
)) (/usr/share/texmf-dist/tex/latex/etoolbox/etoolbox.sty
Package: etoolbox 2019/09/21 v2.5h e-TeX tools for LaTeX (JAW)
\etb@tempcnta=\count190
)) (/usr/share/texmf-dist/tex/latex/xcolor/xcolor.sty
Package: xcolor 2016/05/11 v2.12 LaTeX color extensions (UK)
(/usr/share/texmf-dist/tex/latex/graphics-cfg/color.cfg
File: color.cfg 2016/01/02 v1.6 sample color configuration
)
Package xcolor Info: Driver file: pdftex.def on input line 225.
(/usr/share/texmf-dist/tex/latex/graphics-def/pdftex.def
File: pdftex.def 2018/01/08 v1.0l Graphics/color driver for pdftex
)
Package xcolor Info: Model `cmy' substituted by `cmy0' on input line 1348.
Package xcolor Info: Model `hsb' substituted by `rgb' on input line 1352.
Package xcolor Info: Model `RGB' extended on input line 1364.
Package xcolor Info: Model `HTML' substituted by `rgb' on input line 1366.
Package xcolor Info: Model `Hsb' substituted by `hsb' on input line 1367.
Package xcolor Info: Model `tHsb' substituted by `hsb' on input line 1368.
Package xcolor Info: Model `HSB' substituted by `hsb' on input line 1369.
Package xcolor Info: Model `Gray' substituted by `gray' on input line 1370.
Package xcolor Info: Model `wave' substituted by `hsb' on input line 1371.
) (/usr/share/texmf-dist/tex/latex/xurl/xurl.sty
Package: xurl 2020/01/24 v 0.09 modify URL breaks
(/usr/share/texmf-dist/tex/latex/url/url.sty
\Urlmuskip=\muskip17
Package: url 2013/09/16  ver 3.4  Verb mode for urls, etc.
)) (/usr/share/texmf-dist/tex/latex/bookmark/bookmark.sty
Package: bookmark 2019/12/03 v1.28 PDF bookmarks (HO)
(/usr/share/texmf-dist/tex/latex/hyperref/hyperref.sty
Package: hyperref 2020-05-15 v7.00e Hypertext links for LaTeX
(/usr/share/texmf-dist/tex/latex/pdftexcmds/pdftexcmds.sty
Package: pdftexcmds 2020-06-04 v0.32 Utility functions of pdfTeX for LuaTeX (HO
)
(/usr/share/texmf-dist/tex/generic/infwarerr/infwarerr.sty
Package: infwarerr 2019/12/03 v1.5 Providing info/warning/error messages (HO)
)
Package pdftexcmds Info: \pdf@primitive is available.
Package pdftexcmds Info: \pdf@ifprimitive is available.
Package pdftexcmds Info: \pdfdraftmode found.
) (/usr/share/texmf-dist/tex/generic/kvdefinekeys/kvdefinekeys.sty
Package: kvdefinekeys 2019-12-19 v1.6 Define keys (HO)
) (/usr/share/texmf-dist/tex/generic/pdfescape/pdfescape.sty
Package: pdfescape 2019/12/09 v1.15 Implements pdfTeX's escape features (HO)
) (/usr/share/texmf-dist/tex/latex/hycolor/hycolor.sty
Package: hycolor 2020-01-27 v1.10 Color options for hyperref/bookmark (HO)
) (/usr/share/texmf-dist/tex/latex/letltxmacro/letltxmacro.sty
Package: letltxmacro 2019/12/03 v1.6 Let assignment for LaTeX macros (HO)
) (/usr/share/texmf-dist/tex/latex/auxhook/auxhook.sty
Package: auxhook 2019-12-17 v1.6 Hooks for auxiliary files (HO)
)
\@linkdim=\dimen145
\Hy@linkcounter=\count191
\Hy@pagecounter=\count192
(/usr/share/texmf-dist/tex/latex/hyperref/pd1enc.def
File: pd1enc.def 2020-05-15 v7.00e Hyperref: PDFDocEncoding definition (HO)
Now handling font encoding PD1 ...
... no UTF-8 mapping file for font encoding PD1
) (/usr/share/texmf-dist/tex/generic/intcalc/intcalc.sty
Package: intcalc 2019/12/15 v1.3 Expandable calculations with integers (HO)
) (/usr/share/texmf-dist/tex/generic/etexcmds/etexcmds.sty
Package: etexcmds 2019/12/15 v1.7 Avoid name clashes with e-TeX commands (HO)
)
\Hy@SavedSpaceFactor=\count193
Package hyperref Info: Option `unicode' set `true' on input line 4338.
(/usr/share/texmf-dist/tex/latex/hyperref/puenc.def
File: puenc.def 2020-05-15 v7.00e Hyperref: PDF Unicode definition (HO)
Now handling font encoding PU ...
... no UTF-8 mapping file for font encoding PU
)
Package hyperref Info: Hyper figures OFF on input line 4464.
Package hyperref Info: Link nesting OFF on input line 4469.
Package hyperref Info: Hyper index ON on input line 4472.
Package hyperref Info: Plain pages OFF on input line 4479.
Package hyperref Info: Backreferencing OFF on input line 4484.
Package hyperref Info: Implicit mode ON; LaTeX internals redefined.
Package hyperref Info: Bookmarks ON on input line 4717.
\c@Hy@tempcnt=\count194
LaTeX Info: Redefining \url on input line 5076.
\XeTeXLinkMargin=\dimen146
(/usr/share/texmf-dist/tex/generic/bitset/bitset.sty
Package: bitset 2019/12/09 v1.3 Handle bit-vector datatype (HO)
(/usr/share/texmf-dist/tex/generic/bigintcalc/bigintcalc.sty
Package: bigintcalc 2019/12/15 v1.5 Expandable calculations on big integers (HO
)
))
\Fld@menulength=\count195
\Field@Width=\dimen147
\Fld@charsize=\dimen148
Package hyperref Info: Hyper figures OFF on input line 6347.
Package hyperref Info: Link nesting OFF on input line 6352.
Package hyperref Info: Hyper index ON on input line 6355.
Package hyperref Info: backreferencing OFF on input line 6362.
Package hyperref Info: Link coloring OFF on input line 6367.
Package hyperref Info: Link coloring with OCG OFF on input line 6372.
Package hyperref Info: PDF/A mode OFF on input line 6377.
LaTeX Info: Redefining \ref on input line 6417.
LaTeX Info: Redefining \pageref on input line 6421.
(/usr/share/texmf-dist/tex/generic/atbegshi/atbegshi.sty
Package: atbegshi 2019/12/05 v1.19 At begin shipout hook (HO)
)
\Hy@abspage=\count196
\c@Item=\count197
\c@Hfootnote=\count198
)
Package hyperref Info: Driver (autodetected): hpdftex.
(/usr/share/texmf-dist/tex/latex/hyperref/hpdftex.def
File: hpdftex.def 2020-05-15 v7.00e Hyperref driver for pdfTeX
(/usr/share/texmf-dist/tex/latex/atveryend/atveryend.sty
Package: atveryend 2019-12-11 v1.11 Hooks at the very end of document (HO)
)
\Fld@listcount=\count199
\c@bookmark@seq@number=\count266
(/usr/share/texmf-dist/tex/latex/rerunfilecheck/rerunfilecheck.sty
Package: rerunfilecheck 2019/12/05 v1.9 Rerun checks for auxiliary files (HO)
(/usr/share/texmf-dist/tex/generic/uniquecounter/uniquecounter.sty
Package: uniquecounter 2019/12/15 v1.4 Provide unlimited unique counter (HO)
)
Package uniquecounter Info: New unique counter `rerunfilecheck' on input line 2
86.
)
\Hy@SectionHShift=\skip53
) (/usr/share/texmf-dist/tex/latex/bookmark/bkm-pdftex.def
File: bkm-pdftex.def 2019/12/03 v1.28 bookmark driver for pdfTeX (HO)
\BKM@id=\count267
)) (/usr/share/texmf-dist/tex/latex/fancyvrb/fancyvrb.sty
Package: fancyvrb 2020/05/03 v3.6 verbatim text (tvz,hv)
\FV@CodeLineNo=\count268
\FV@InFile=\read2
\FV@TabBox=\box47
\c@FancyVerbLine=\count269
\FV@StepNumber=\count270
\FV@OutFile=\write3
) (/usr/share/texmf-dist/tex/latex/framed/framed.sty
Package: framed 2011/10/22 v 0.96: framed or shaded text with page breaks
\OuterFrameSep=\skip54
\fb@frw=\dimen149
\fb@frh=\dimen150
\FrameRule=\dimen151
\FrameSep=\dimen152
) (/usr/share/texmf-dist/tex/latex/tools/longtable.sty
Package: longtable 2020/01/07 v4.13 Multi-page Table package (DPC)
\LTleft=\skip55
\LTright=\skip56
\LTpre=\skip57
\LTpost=\skip58
\LTchunksize=\count271
\LTcapwidth=\dimen153
\LT@head=\box48
\LT@firsthead=\box49
\LT@foot=\box50
\LT@lastfoot=\box51
\LT@cols=\count272
\LT@rows=\count273
\c@LT@tables=\count274
\c@LT@chunks=\count275
\LT@p@ftn=\toks25
) (/usr/share/texmf-dist/tex/latex/booktabs/booktabs.sty
Package: booktabs 2020/01/12 v1.61803398 Publication quality tables
\heavyrulewidth=\dimen154
\lightrulewidth=\dimen155
\cmidrulewidth=\dimen156
\belowrulesep=\dimen157
\belowbottomsep=\dimen158
\aboverulesep=\dimen159
\abovetopsep=\dimen160
\cmidrulesep=\dimen161
\cmidrulekern=\dimen162
\defaultaddspace=\dimen163
\@cmidla=\count276
\@cmidlb=\count277
\@aboverulesep=\dimen164
\@belowrulesep=\dimen165
\@thisruleclass=\count278
\@lastruleclass=\count279
\@thisrulewidth=\dimen166
) (/usr/share/texmf-dist/tex/latex/footnotehyper/footnotehyper.sty
Package: footnotehyper 2019/11/07 v1.1a hyperref aware footnote.sty (JFB)
\FNH@notes=\box52
\FNH@width=\dimen167
) (/usr/share/texmf-dist/tex/latex/graphics/graphicx.sty
Package: graphicx 2019/11/30 v1.2a Enhanced LaTeX Graphics (DPC,SPQR)
(/usr/share/texmf-dist/tex/latex/graphics/graphics.sty
Package: graphics 2019/11/30 v1.4a Standard LaTeX Graphics (DPC,SPQR)
(/usr/share/texmf-dist/tex/latex/graphics/trig.sty
Package: trig 2016/01/03 v1.10 sin cos tan (DPC)
) (/usr/share/texmf-dist/tex/latex/graphics-cfg/graphics.cfg
File: graphics.cfg 2016/06/04 v1.11 sample graphics configuration
)
Package graphics Info: Driver file: pdftex.def on input line 105.
)
\Gin@req@height=\dimen168
\Gin@req@width=\dimen169
) (/usr/share/texmf-dist/tex/latex/amscls/amsthm.sty
Package: amsthm 2020/05/29 v2.20.6
\thm@style=\toks26
\thm@bodyfont=\toks27
\thm@headfont=\toks28
\thm@notefont=\toks29
\thm@headpunct=\toks30
\thm@preskip=\skip59
\thm@postskip=\skip60
\thm@headsep=\skip61
\dth@everypar=\toks31
) (/usr/share/texmf-dist/tex/latex/geometry/geometry.sty
Package: geometry 2020/01/02 v5.9 Page Geometry
(/usr/share/texmf-dist/tex/generic/iftex/ifvtex.sty
Package: ifvtex 2019/10/25 v1.7 ifvtex legacy package. Use iftex instead.
)
\Gm@cnth=\count280
\Gm@cntv=\count281
\c@Gm@tempcnt=\count282
\Gm@bindingoffset=\dimen170
\Gm@wd@mp=\dimen171
\Gm@odd@mp=\dimen172
\Gm@even@mp=\dimen173
\Gm@layoutwidth=\dimen174
\Gm@layoutheight=\dimen175
\Gm@layouthoffset=\dimen176
\Gm@layoutvoffset=\dimen177
\Gm@dimlist=\toks32
) (/usr/share/texmf-dist/tex/latex/fancyhdr/fancyhdr.sty
Package: fancyhdr 2019/01/31 v3.10 Extensive control of page headers and footer
s
\f@nch@headwidth=\skip62
\f@nch@O@elh=\skip63
\f@nch@O@erh=\skip64
\f@nch@O@olh=\skip65
\f@nch@O@orh=\skip66
\f@nch@O@elf=\skip67
\f@nch@O@erf=\skip68
\f@nch@O@olf=\skip69
\f@nch@O@orf=\skip70
) (/usr/share/texmf-dist/tex/latex/bbm-macros/bbm.sty
Package: bbm 1999/03/15 V 1.2 provides fonts for set symbols - TH
LaTeX Font Info:    Overwriting math alphabet `\mathbbm' in version `bold'
(Font)                  U/bbm/m/n --> U/bbm/bx/n on input line 33.
LaTeX Font Info:    Overwriting math alphabet `\mathbbmss' in version `bold'
(Font)                  U/bbmss/m/n --> U/bbmss/bx/n on input line 35.
) (/usr/share/texmf-dist/tex/latex/tabu/tabu.sty
Package: tabu 2019/01/11 v2.9 - flexible LaTeX tabulars (FC+tabu-fixed)
(/usr/share/texmf-dist/tex/latex/tools/array.sty
Package: array 2019/08/31 v2.4l Tabular extension package (FMi)
\col@sep=\dimen178
\ar@mcellbox=\box53
\extrarowheight=\dimen179
\NC@list=\toks33
\extratabsurround=\skip71
\backup@length=\skip72
\ar@cellbox=\box54
) (/usr/share/texmf-dist/tex/latex/varwidth/varwidth.sty
Package: varwidth 2009/03/30 ver 0.92;  Variable-width minipages
\@vwid@box=\box55
\sift@deathcycles=\count283
\@vwid@loff=\dimen180
\@vwid@roff=\dimen181
)
\c@taburow=\count284
\tabu@nbcols=\count285
\tabu@cnt=\count286
\tabu@Xcol=\count287
\tabu@alloc=\count288
\tabu@nested=\count289
\tabu@target=\dimen182
\tabu@spreadtarget=\dimen183
\tabu@naturalX=\dimen184
\tabucolX=\dimen185
\tabu@Xsum=\dimen186
\extrarowdepth=\dimen187
\abovetabulinesep=\dimen188
\belowtabulinesep=\dimen189
\tabustrutrule=\dimen190
\tabu@thebody=\toks34
\tabu@footnotes=\toks35
\tabu@box=\box56
\tabu@arstrutbox=\box57
\tabu@hleads=\box58
\tabu@vleads=\box59
\tabu@cellskip=\skip73
) (/usr/share/texmf-dist/tex/latex/natbib/natbib.sty
Package: natbib 2010/09/13 8.31b (PWD, AO)
\bibhang=\skip74
\bibsep=\skip75
LaTeX Info: Redefining \cite on input line 694.
\c@NAT@ctr=\count290
) (/usr/share/texmf-dist/tex/latex/l3backend/l3backend-pdfmode.def
File: l3backend-pdfmode.def 2020-06-03 L3 backend support: PDF mode
\l__kernel_color_stack_int=\count291
\l__pdf_internal_box=\box60
) (./master_thesis.aux)
LaTeX Font Info:    Checking defaults for OML/cmm/m/it on input line 184.
LaTeX Font Info:    ... okay on input line 184.
LaTeX Font Info:    Checking defaults for OMS/cmsy/m/n on input line 184.
LaTeX Font Info:    ... okay on input line 184.
LaTeX Font Info:    Checking defaults for OT1/cmr/m/n on input line 184.
LaTeX Font Info:    ... okay on input line 184.
LaTeX Font Info:    Checking defaults for T1/cmr/m/n on input line 184.
LaTeX Font Info:    ... okay on input line 184.
LaTeX Font Info:    Checking defaults for TS1/cmr/m/n on input line 184.
LaTeX Font Info:    ... okay on input line 184.
LaTeX Font Info:    Checking defaults for OMX/cmex/m/n on input line 184.
LaTeX Font Info:    ... okay on input line 184.
LaTeX Font Info:    Checking defaults for U/cmr/m/n on input line 184.
LaTeX Font Info:    ... okay on input line 184.
LaTeX Font Info:    Checking defaults for PD1/pdf/m/n on input line 184.
LaTeX Font Info:    ... okay on input line 184.
LaTeX Font Info:    Checking defaults for PU/pdf/m/n on input line 184.
LaTeX Font Info:    ... okay on input line 184.
LaTeX Info: Redefining \microtypecontext on input line 184.
Package microtype Info: Generating PDF output.
Package microtype Info: Character protrusion enabled (level 2).
Package microtype Info: Using protrusion set `basicmath'.
Package microtype Info: Automatic font expansion enabled (level 2),
(microtype)             stretch: 20, shrink: 20, step: 1, non-selected.
Package microtype Info: Using default expansion set `basictext'.
LaTeX Info: Redefining \showhyphens on input line 184.
Package microtype Info: No adjustment of tracking.
Package microtype Info: No adjustment of interword spacing.
Package microtype Info: No adjustment of character kerning.
(/usr/share/texmf-dist/tex/latex/microtype/mt-cmr.cfg
File: mt-cmr.cfg 2013/05/19 v2.2 microtype config. file: Computer Modern Roman 
(RS)
) (/usr/share/texmf-dist/tex/context/base/mkii/supp-pdf.mkii
[Loading MPS to PDF converter (version 2006.09.02).]
\scratchcounter=\count292
\scratchdimen=\dimen191
\scratchbox=\box61
\nofMPsegments=\count293
\nofMParguments=\count294
\everyMPshowfont=\toks36
\MPscratchCnt=\count295
\MPscratchDim=\dimen192
\MPnumerator=\count296
\makeMPintoPDFobject=\count297
\everyMPtoPDFconversion=\toks37
) (/usr/share/texmf-dist/tex/latex/epstopdf-pkg/epstopdf-base.sty
Package: epstopdf-base 2020-01-24 v2.11 Base part for package epstopdf
Package epstopdf-base Info: Redefining graphics rule for `.eps' on input line 4
85.
(/usr/share/texmf-dist/tex/latex/latexconfig/epstopdf-sys.cfg
File: epstopdf-sys.cfg 2010/07/13 v1.3 Configuration of (r)epstopdf for TeX Liv
e
))
\AtBeginShipoutBox=\box62
Package hyperref Info: Link coloring OFF on input line 184.
(/usr/share/texmf-dist/tex/latex/hyperref/nameref.sty
Package: nameref 2019/09/16 v2.46 Cross-referencing by name of section
(/usr/share/texmf-dist/tex/latex/refcount/refcount.sty
Package: refcount 2019/12/15 v3.6 Data extraction from label references (HO)
) (/usr/share/texmf-dist/tex/generic/gettitlestring/gettitlestring.sty
Package: gettitlestring 2019/12/15 v1.6 Cleanup title references (HO)
)
\c@section@level=\count298
)
LaTeX Info: Redefining \ref on input line 184.
LaTeX Info: Redefining \pageref on input line 184.
LaTeX Info: Redefining \nameref on input line 184.
*geometry* driver: auto-detecting
*geometry* detected driver: pdftex
*geometry* verbose mode - [ preamble ] result:
* driver: pdftex
* paper: a4paper
* layout: <same size as paper>
* layoutoffset:(h,v)=(0.0pt,0.0pt)
* modes: twoside 
* h-part:(L,W,R)=(85.35826pt, 426.79134pt, 85.35828pt)
* v-part:(T,H,B)=(85.35826pt, 674.3303pt, 85.35828pt)
* \paperwidth=597.50787pt
* \paperheight=845.04684pt
* \textwidth=426.79134pt
* \textheight=674.3303pt
* \oddsidemargin=13.08827pt
* \evensidemargin=13.08829pt
* \topmargin=-16.97922pt
* \headheight=12.0pt
* \headsep=18.06749pt
* \topskip=10.0pt
* \footskip=25.29494pt
* \marginparwidth=125.0pt
* \marginparsep=7.0pt
* \columnsep=10.0pt
* \skip\footins=9.0pt plus 4.0pt minus 2.0pt
* \hoffset=0.0pt
* \voffset=0.0pt
* \mag=1000
* \@twocolumnfalse
* \@twosidetrue
* \@mparswitchtrue
* \@reversemarginfalse
* (1in=72.27pt=25.4mm, 1cm=28.453pt)

<logo_university.png, id=4, 2569.6pt x 503.8825pt>
File: logo_university.png Graphic file (type png)
<use logo_university.png>
Package pdftex.def Info: logo_university.png  used on input line 186.
(pdftex.def)             Requested size: 361.34912pt x 70.85829pt.
LaTeX Font Info:    Trying to load font information for OT1+lmr on input line 1
86.
(/usr/share/texmf-dist/tex/latex/lm/ot1lmr.fd
File: ot1lmr.fd 2009/10/30 v1.6 Font defs for Latin Modern
)
LaTeX Font Info:    Trying to load font information for OML+lmm on input line 1
86.
(/usr/share/texmf-dist/tex/latex/lm/omllmm.fd
File: omllmm.fd 2009/10/30 v1.6 Font defs for Latin Modern
)
LaTeX Font Info:    Trying to load font information for OMS+lmsy on input line 
186.
(/usr/share/texmf-dist/tex/latex/lm/omslmsy.fd
File: omslmsy.fd 2009/10/30 v1.6 Font defs for Latin Modern
)
LaTeX Font Info:    Trying to load font information for OMX+lmex on input line 
186.
(/usr/share/texmf-dist/tex/latex/lm/omxlmex.fd
File: omxlmex.fd 2009/10/30 v1.6 Font defs for Latin Modern
)
LaTeX Font Info:    External font `lmex10' loaded for size
(Font)              <17.28> on input line 186.
LaTeX Font Info:    External font `lmex10' loaded for size
(Font)              <12> on input line 186.
LaTeX Font Info:    External font `lmex10' loaded for size
(Font)              <10> on input line 186.
LaTeX Font Info:    Trying to load font information for U+msa on input line 186
.
(/usr/share/texmf-dist/tex/latex/amsfonts/umsa.fd
File: umsa.fd 2013/01/14 v3.01 AMS symbols A
) (/usr/share/texmf-dist/tex/latex/microtype/mt-msa.cfg
File: mt-msa.cfg 2006/02/04 v1.1 microtype config. file: AMS symbols (a) (RS)
)
LaTeX Font Info:    Trying to load font information for U+msb on input line 186
.
(/usr/share/texmf-dist/tex/latex/amsfonts/umsb.fd
File: umsb.fd 2013/01/14 v3.01 AMS symbols B
) (/usr/share/texmf-dist/tex/latex/microtype/mt-msb.cfg
File: mt-msb.cfg 2005/06/01 v1.0 microtype config. file: AMS symbols (b) (RS)
)
LaTeX Font Info:    External font `lmex10' loaded for size
(Font)              <8> on input line 186.
LaTeX Font Info:    External font `lmex10' loaded for size
(Font)              <6> on input line 186.
[1


{/var/lib/texmf/fonts/map/pdftex/updmap/pdftex.map} <./logo_university.png>] [2

]
LaTeX Font Info:    Trying to load font information for T1+lmtt on input line 1
93.
(/usr/share/texmf-dist/tex/latex/lm/t1lmtt.fd
File: t1lmtt.fd 2009/10/30 v1.6 Font defs for Latin Modern
) [3] [4

]
LaTeX Font Info:    External font `lmex10' loaded for size
(Font)              <7> on input line 205.
LaTeX Font Info:    External font `lmex10' loaded for size
(Font)              <5> on input line 205.
[5] [6

] (./master_thesis.toc [7])
\tf@toc=\write4
[8]
Chapter 1.

Underfull \vbox (badness 1728) has occurred while \output is active []

[9

] [10]
Chapter 2.
[11

]
<../visualisation/chapter-3-evaluation/forecast-paradigm.png, id=251, 722.7pt x
 289.08pt>
File: ../visualisation/chapter-3-evaluation/forecast-paradigm.png Graphic file 
(type png)
<use ../visualisation/chapter-3-evaluation/forecast-paradigm.png>
Package pdftex.def Info: ../visualisation/chapter-3-evaluation/forecast-paradig
m.png  used on input line 280.
(pdftex.def)             Requested size: 426.79732pt x 170.71892pt.
[12 <../visualisation/chapter-3-evaluation/forecast-paradigm.png (PNG copy)>]
LaTeX Font Info:    Trying to load font information for U+bbm on input line 307
.
(/usr/share/texmf-dist/tex/latex/bbm-macros/ubbm.fd
File: ubbm.fd 1999/03/15 V 1.2 Font definition for bbm font - TH
)
<../visualisation/chapter-3-evaluation/bias_example.png, id=274, 722.7pt x 325.
215pt>
File: ../visualisation/chapter-3-evaluation/bias_example.png Graphic file (type
 png)
<use ../visualisation/chapter-3-evaluation/bias_example.png>
Package pdftex.def Info: ../visualisation/chapter-3-evaluation/bias_example.png
  used on input line 311.
(pdftex.def)             Requested size: 426.79732pt x 192.05879pt.
[13]
<../visualisation/chapter-3-evaluation/interval-coverage.png, id=293, 722.7pt x
 397.485pt>
File: ../visualisation/chapter-3-evaluation/interval-coverage.png Graphic file 
(type png)
<use ../visualisation/chapter-3-evaluation/interval-coverage.png>
Package pdftex.def Info: ../visualisation/chapter-3-evaluation/interval-coverag
e.png  used on input line 322.
(pdftex.def)             Requested size: 213.39314pt x 117.36623pt.
<../visualisation/chapter-3-evaluation/quantile-coverage.png, id=294, 722.7pt x
 397.485pt>
File: ../visualisation/chapter-3-evaluation/quantile-coverage.png Graphic file 
(type png)
<use ../visualisation/chapter-3-evaluation/quantile-coverage.png>
Package pdftex.def Info: ../visualisation/chapter-3-evaluation/quantile-coverag
e.png  used on input line 322.
(pdftex.def)             Requested size: 213.39314pt x 117.36623pt.

Overfull \hbox (2.21716pt too wide) in paragraph at lines 322--322
[][] [] 
 []


Underfull \vbox (badness 10000) has occurred while \output is active []

[14 <../visualisation/chapter-3-evaluation/bias_example.png (PNG copy)> <../vis
ualisation/chapter-3-evaluation/interval-coverage.png> <../visualisation/chapte
r-3-evaluation/quantile-coverage.png>]
<../visualisation/chapter-3-evaluation/calibration-examples.png, id=313, 722.7p
t x 578.16pt>
File: ../visualisation/chapter-3-evaluation/calibration-examples.png Graphic fi
le (type png)
<use ../visualisation/chapter-3-evaluation/calibration-examples.png>
Package pdftex.def Info: ../visualisation/chapter-3-evaluation/calibration-exam
ples.png  used on input line 342.
(pdftex.def)             Requested size: 426.79732pt x 341.43785pt.
<../visualisation/chapter-3-evaluation/pit-baseline-model.png, id=323, 722.7pt 
x 238.491pt>
File: ../visualisation/chapter-3-evaluation/pit-baseline-model.png Graphic file
 (type png)
<use ../visualisation/chapter-3-evaluation/pit-baseline-model.png>
Package pdftex.def Info: ../visualisation/chapter-3-evaluation/pit-baseline-mod
el.png  used on input line 356.
(pdftex.def)             Requested size: 426.79732pt x 140.84311pt.
[15] [16 <../visualisation/chapter-3-evaluation/calibration-examples.png> <../v
isualisation/chapter-3-evaluation/pit-baseline-model.png>]
<../visualisation/chapter-3-evaluation/log-score-example.png, id=369, 722.7pt x
 252.945pt>
File: ../visualisation/chapter-3-evaluation/log-score-example.png Graphic file 
(type png)
<use ../visualisation/chapter-3-evaluation/log-score-example.png>
Package pdftex.def Info: ../visualisation/chapter-3-evaluation/log-score-exampl
e.png  used on input line 389.
(pdftex.def)             Requested size: 426.79732pt x 149.37906pt.
[17]
<../visualisation/chapter-3-evaluation/crps-explanation.png, id=401, 722.7pt x 
361.35pt>
File: ../visualisation/chapter-3-evaluation/crps-explanation.png Graphic file (
type png)
<use ../visualisation/chapter-3-evaluation/crps-explanation.png>
Package pdftex.def Info: ../visualisation/chapter-3-evaluation/crps-explanation
.png  used on input line 417.
(pdftex.def)             Requested size: 426.79732pt x 213.39867pt.
[18 <../visualisation/chapter-3-evaluation/log-score-example.png>] [19 <../visu
alisation/chapter-3-evaluation/crps-explanation.png (PNG copy)>] [20]
LaTeX Font Info:    Font shape `T1/lmtt/bx/n' in size <10> not available
(Font)              Font shape `T1/lmtt/b/n' tried instead on input line 478.
[21] [22

]
Chapter 3.
<../visualisation/chapter-4-ensemble/average-mixture-example.png, id=465, 629.2
308pt x 325.9377pt>
File: ../visualisation/chapter-4-ensemble/average-mixture-example.png Graphic f
ile (type png)
<use ../visualisation/chapter-4-ensemble/average-mixture-example.png>
Package pdftex.def Info: ../visualisation/chapter-4-ensemble/average-mixture-ex
ample.png  used on input line 543.
(pdftex.def)             Requested size: 405.4523pt x 210.02179pt.
[23] [24 <../visualisation/chapter-4-ensemble/average-mixture-example.png (PNG 
copy)>] [25] [26]
Chapter 4.

Underfull \hbox (badness 1533) in paragraph at lines 648--648
[]\T1/lmr/bx/n/14.4 Introduction to the COVID-19 Fore-cast Hub and
 []

<../visualisation/chapter-2-background-data/plot-observations.png, id=529, 722.
7pt x 505.89pt>
File: ../visualisation/chapter-2-background-data/plot-observations.png Graphic 
file (type png)
<use ../visualisation/chapter-2-background-data/plot-observations.png>
Package pdftex.def Info: ../visualisation/chapter-2-background-data/plot-observ
ations.png  used on input line 656.
(pdftex.def)             Requested size: 405.44807pt x 283.81364pt.
[27

] [28 <../visualisation/chapter-2-background-data/plot-observations.png (PNG co
py)>] [29]
<../visualisation/chapter-4-ensemble/difference-true-sampled.png, id=612, 722.7
pt x 433.62pt>
File: ../visualisation/chapter-4-ensemble/difference-true-sampled.png Graphic f
ile (type png)
<use ../visualisation/chapter-4-ensemble/difference-true-sampled.png>
Package pdftex.def Info: ../visualisation/chapter-4-ensemble/difference-true-sa
mpled.png  used on input line 683.
(pdftex.def)             Requested size: 405.44807pt x 243.26884pt.
[30] [31 <../visualisation/chapter-4-ensemble/difference-true-sampled.png>] [32

]
Chapter 5.
[33]
<../visualisation/chapter-5-results/scenario-baseline/US-forecast-1-4-wk-ahead.
png, id=651, 867.24pt x 722.7pt>
File: ../visualisation/chapter-5-results/scenario-baseline/US-forecast-1-4-wk-a
head.png Graphic file (type png)
<use ../visualisation/chapter-5-results/scenario-baseline/US-forecast-1-4-wk-ah
ead.png>
Package pdftex.def Info: ../visualisation/chapter-5-results/scenario-baseline/U
S-forecast-1-4-wk-ahead.png  used on input line 759.
(pdftex.def)             Requested size: 426.79071pt x 355.65892pt.
<../visualisation/chapter-5-results/scenario-baseline/coloured-summarised-score
s.png, id=655, 722.7pt x 361.35pt>
File: ../visualisation/chapter-5-results/scenario-baseline/coloured-summarised-
scores.png Graphic file (type png)
<use ../visualisation/chapter-5-results/scenario-baseline/coloured-summarised-s
cores.png>
Package pdftex.def Info: ../visualisation/chapter-5-results/scenario-baseline/c
oloured-summarised-scores.png  used on input line 770.
(pdftex.def)             Requested size: 426.79732pt x 213.39867pt.
[34 <../visualisation/chapter-5-results/scenario-baseline/US-forecast-1-4-wk-ah
ead.png (PNG copy)>] [35 <../visualisation/chapter-5-results/scenario-baseline/
coloured-summarised-scores.png (PNG copy)>]
<../visualisation/chapter-5-results/scenario-baseline/correlation-map.png, id=6
73, 722.7pt x 325.215pt>
File: ../visualisation/chapter-5-results/scenario-baseline/correlation-map.png 
Graphic file (type png)
<use ../visualisation/chapter-5-results/scenario-baseline/correlation-map.png>
Package pdftex.def Info: ../visualisation/chapter-5-results/scenario-baseline/c
orrelation-map.png  used on input line 814.
(pdftex.def)             Requested size: 426.79732pt x 192.05879pt.
<../visualisation/chapter-5-results/scenario-baseline/corr-plot.png, id=675, 13
73.13pt x 1300.86pt>
File: ../visualisation/chapter-5-results/scenario-baseline/corr-plot.png Graphi
c file (type png)
<use ../visualisation/chapter-5-results/scenario-baseline/corr-plot.png>
Package pdftex.def Info: ../visualisation/chapter-5-results/scenario-baseline/c
orr-plot.png  used on input line 825.
(pdftex.def)             Requested size: 426.77638pt x 404.31447pt.
[36] [37 <../visualisation/chapter-5-results/scenario-baseline/correlation-map.
png (PNG copy)> <../visualisation/chapter-5-results/scenario-baseline/corr-plot
.png (PNG copy)>]

LaTeX Warning: Reference `wis-contributions-relative' on page 38 undefined on i
nput line 858.

<../visualisation/chapter-5-results/scenario-baseline/wis-contributions.png, id
=690, 939.51pt x 469.755pt>
File: ../visualisation/chapter-5-results/scenario-baseline/wis-contributions.pn
g Graphic file (type png)
<use ../visualisation/chapter-5-results/scenario-baseline/wis-contributions.png
>
Package pdftex.def Info: ../visualisation/chapter-5-results/scenario-baseline/w
is-contributions.png  used on input line 864.
(pdftex.def)             Requested size: 426.7896pt x 213.3948pt.
<../visualisation/chapter-5-results/scenario-baseline/all-range-plots.png, id=6
92, 722.7pt x 1011.78pt>
File: ../visualisation/chapter-5-results/scenario-baseline/all-range-plots.png 
Graphic file (type png)
<use ../visualisation/chapter-5-results/scenario-baseline/all-range-plots.png>
Package pdftex.def Info: ../visualisation/chapter-5-results/scenario-baseline/a
ll-range-plots.png  used on input line 874.
(pdftex.def)             Requested size: 426.79732pt x 597.51625pt.
[38]
<../visualisation/chapter-5-results/scenario-baseline/random-effects.png, id=70
4, 722.7pt x 289.08pt>
File: ../visualisation/chapter-5-results/scenario-baseline/random-effects.png G
raphic file (type png)
<use ../visualisation/chapter-5-results/scenario-baseline/random-effects.png>
Package pdftex.def Info: ../visualisation/chapter-5-results/scenario-baseline/r
andom-effects.png  used on input line 885.
(pdftex.def)             Requested size: 426.79732pt x 170.71892pt.
<../visualisation/chapter-5-results/scenario-baseline/wis-vs-deaths.png, id=707
, 722.7pt x 289.08pt>
File: ../visualisation/chapter-5-results/scenario-baseline/wis-vs-deaths.png Gr
aphic file (type png)
<use ../visualisation/chapter-5-results/scenario-baseline/wis-vs-deaths.png>
Package pdftex.def Info: ../visualisation/chapter-5-results/scenario-baseline/w
is-vs-deaths.png  used on input line 891.
(pdftex.def)             Requested size: 426.79732pt x 170.71892pt.
[39 <../visualisation/chapter-5-results/scenario-baseline/wis-contributions.png
 (PNG copy)>] [40 <../visualisation/chapter-5-results/scenario-baseline/all-ran
ge-plots.png (PNG copy)>] [41 <../visualisation/chapter-5-results/scenario-base
line/random-effects.png> <../visualisation/chapter-5-results/scenario-baseline/
wis-vs-deaths.png (PNG copy)>]
<../visualisation/chapter-5-results/scenario-baseline/difficulty-states-heatmap
.png, id=730, 722.7pt x 346.896pt>
File: ../visualisation/chapter-5-results/scenario-baseline/difficulty-states-he
atmap.png Graphic file (type png)
<use ../visualisation/chapter-5-results/scenario-baseline/difficulty-states-hea
tmap.png>
Package pdftex.def Info: ../visualisation/chapter-5-results/scenario-baseline/d
ifficulty-states-heatmap.png  used on input line 905.
(pdftex.def)             Requested size: 426.79732pt x 204.8627pt.
<../visualisation/chapter-5-results/heatmap-model-coverage.png, id=736, 722.7pt
 x 346.896pt>
File: ../visualisation/chapter-5-results/heatmap-model-coverage.png Graphic fil
e (type png)
<use ../visualisation/chapter-5-results/heatmap-model-coverage.png>
Package pdftex.def Info: ../visualisation/chapter-5-results/heatmap-model-cover
age.png  used on input line 911.
(pdftex.def)             Requested size: 426.79732pt x 204.8627pt.
<../visualisation/chapter-5-results/scenario-baseline/heatmap-model-bias.png, i
d=737, 722.7pt x 346.896pt>
File: ../visualisation/chapter-5-results/scenario-baseline/heatmap-model-bias.p
ng Graphic file (type png)
<use ../visualisation/chapter-5-results/scenario-baseline/heatmap-model-bias.pn
g>
Package pdftex.def Info: ../visualisation/chapter-5-results/scenario-baseline/h
eatmap-model-bias.png  used on input line 915.
(pdftex.def)             Requested size: 426.79732pt x 204.8627pt.
<../visualisation/chapter-5-results/scenario-baseline/Texas-one-week.png, id=74
0, 794.97pt x 491.436pt>
File: ../visualisation/chapter-5-results/scenario-baseline/Texas-one-week.png G
raphic file (type png)
<use ../visualisation/chapter-5-results/scenario-baseline/Texas-one-week.png>
Package pdftex.def Info: ../visualisation/chapter-5-results/scenario-baseline/T
exas-one-week.png  used on input line 921.
(pdftex.def)             Requested size: 426.80284pt x 263.84175pt.
[42 <../visualisation/chapter-5-results/scenario-baseline/difficulty-states-hea
tmap.png (PNG copy)>] [43 <../visualisation/chapter-5-results/heatmap-model-cov
erage.png (PNG copy)> <../visualisation/chapter-5-results/scenario-baseline/hea
tmap-model-bias.png (PNG copy)>]
<../visualisation/chapter-5-results/scenario-baseline/heatmap-model-scores.png,
 id=758, 722.7pt x 361.35pt>
File: ../visualisation/chapter-5-results/scenario-baseline/heatmap-model-scores
.png Graphic file (type png)
<use ../visualisation/chapter-5-results/scenario-baseline/heatmap-model-scores.
png>
Package pdftex.def Info: ../visualisation/chapter-5-results/scenario-baseline/h
eatmap-model-scores.png  used on input line 932.
(pdftex.def)             Requested size: 426.79732pt x 213.39867pt.
[44 <../visualisation/chapter-5-results/scenario-baseline/Texas-one-week.png (P
NG copy)>]
<../visualisation/chapter-5-results/scenario-baseline/prediction-penalties-and-
bias.png, id=769, 722.7pt x 433.62pt>
File: ../visualisation/chapter-5-results/scenario-baseline/prediction-penalties
-and-bias.png Graphic file (type png)
<use ../visualisation/chapter-5-results/scenario-baseline/prediction-penalties-
and-bias.png>
Package pdftex.def Info: ../visualisation/chapter-5-results/scenario-baseline/p
rediction-penalties-and-bias.png  used on input line 943.
(pdftex.def)             Requested size: 426.79732pt x 256.07838pt.
<../visualisation/chapter-5-results/scenario-baseline/bias_ensemble.png, id=771
, 722.7pt x 1011.78pt>
File: ../visualisation/chapter-5-results/scenario-baseline/bias_ensemble.png Gr
aphic file (type png)
<use ../visualisation/chapter-5-results/scenario-baseline/bias_ensemble.png>
Package pdftex.def Info: ../visualisation/chapter-5-results/scenario-baseline/b
ias_ensemble.png  used on input line 949.
(pdftex.def)             Requested size: 426.79732pt x 597.51625pt.
[45 <../visualisation/chapter-5-results/scenario-baseline/heatmap-model-scores.
png (PNG copy)>]
<../visualisation/chapter-5-results/scenario-baseline/coverage-plots.png, id=78
2, 722.7pt x 1084.05pt>
File: ../visualisation/chapter-5-results/scenario-baseline/coverage-plots.png G
raphic file (type png)
<use ../visualisation/chapter-5-results/scenario-baseline/coverage-plots.png>
Package pdftex.def Info: ../visualisation/chapter-5-results/scenario-baseline/c
overage-plots.png  used on input line 958.
(pdftex.def)             Requested size: 426.79732pt x 640.196pt.
[46 <../visualisation/chapter-5-results/scenario-baseline/prediction-penalties-
and-bias.png (PNG copy)>] [47 <../visualisation/chapter-5-results/scenario-base
line/bias_ensemble.png (PNG copy)>] [48 <../visualisation/chapter-5-results/sce
nario-baseline/coverage-plots.png (PNG copy)>]
<../visualisation/chapter-5-results/scenario-baseline/APPENDIX-epiforecasts-ens
emble1-forecasts.png, id=802, 867.24pt x 361.35pt>
File: ../visualisation/chapter-5-results/scenario-baseline/APPENDIX-epiforecast
s-ensemble1-forecasts.png Graphic file (type png)
<use ../visualisation/chapter-5-results/scenario-baseline/APPENDIX-epiforecasts
-ensemble1-forecasts.png>
Package pdftex.def Info: ../visualisation/chapter-5-results/scenario-baseline/A
PPENDIX-epiforecasts-ensemble1-forecasts.png  used on input line 966.
(pdftex.def)             Requested size: 426.79071pt x 177.82945pt.
<../visualisation/chapter-5-results/coverage_ensemble.png, id=807, 722.7pt x 28
9.08pt>
File: ../visualisation/chapter-5-results/coverage_ensemble.png Graphic file (ty
pe png)
<use ../visualisation/chapter-5-results/coverage_ensemble.png>
Package pdftex.def Info: ../visualisation/chapter-5-results/coverage_ensemble.p
ng  used on input line 972.
(pdftex.def)             Requested size: 426.79732pt x 170.71892pt.
[49 <../visualisation/chapter-5-results/scenario-baseline/APPENDIX-epiforecasts
-ensemble1-forecasts.png (PNG copy)>]
<../visualisation/chapter-5-results/scenario-baseline/all-pit-plots.png, id=821
, 794.97pt x 650.43pt>
File: ../visualisation/chapter-5-results/scenario-baseline/all-pit-plots.png Gr
aphic file (type png)
<use ../visualisation/chapter-5-results/scenario-baseline/all-pit-plots.png>
Package pdftex.def Info: ../visualisation/chapter-5-results/scenario-baseline/a
ll-pit-plots.png  used on input line 985.
(pdftex.def)             Requested size: 426.80284pt x 349.20232pt.
[50 <../visualisation/chapter-5-results/coverage_ensemble.png (PNG copy)>] [51 
<../visualisation/chapter-5-results/scenario-baseline/all-pit-plots.png>]
<../visualisation/chapter-5-results/scenario-baseline/sharpness-horizons.png, i
d=837, 867.24pt x 346.896pt>
File: ../visualisation/chapter-5-results/scenario-baseline/sharpness-horizons.p
ng Graphic file (type png)
<use ../visualisation/chapter-5-results/scenario-baseline/sharpness-horizons.pn
g>
Package pdftex.def Info: ../visualisation/chapter-5-results/scenario-baseline/s
harpness-horizons.png  used on input line 997.
(pdftex.def)             Requested size: 426.79071pt x 170.71628pt.
<../visualisation/chapter-5-results/scenario-baseline/sharpness-predictions-ens
emble.png, id=839, 722.7pt x 505.89pt>
File: ../visualisation/chapter-5-results/scenario-baseline/sharpness-prediction
s-ensemble.png Graphic file (type png)
<use ../visualisation/chapter-5-results/scenario-baseline/sharpness-predictions
-ensemble.png>
Package pdftex.def Info: ../visualisation/chapter-5-results/scenario-baseline/s
harpness-predictions-ensemble.png  used on input line 1003.
(pdftex.def)             Requested size: 426.79732pt x 298.75812pt.
[52 <../visualisation/chapter-5-results/scenario-baseline/sharpness-horizons.pn
g (PNG copy)>]
<../visualisation/chapter-5-results/weights-time.png, id=848, 722.7pt x 289.08p
t>
File: ../visualisation/chapter-5-results/weights-time.png Graphic file (type pn
g)
<use ../visualisation/chapter-5-results/weights-time.png>
Package pdftex.def Info: ../visualisation/chapter-5-results/weights-time.png  u
sed on input line 1016.
(pdftex.def)             Requested size: 426.79732pt x 170.71892pt.
<../visualisation/chapter-5-results/weights-vs-wis.png, id=851, 939.51pt x 722.
7pt>
File: ../visualisation/chapter-5-results/weights-vs-wis.png Graphic file (type 
png)
<use ../visualisation/chapter-5-results/weights-vs-wis.png>
Package pdftex.def Info: ../visualisation/chapter-5-results/weights-vs-wis.png 
 used on input line 1022.
(pdftex.def)             Requested size: 426.7896pt x 328.29968pt.
[53 <../visualisation/chapter-5-results/scenario-baseline/sharpness-predictions
-ensemble.png (PNG copy)>] [54 <../visualisation/chapter-5-results/weights-time
.png (PNG copy)>] [55 <../visualisation/chapter-5-results/weights-vs-wis.png (P
NG copy)>]
<../visualisation/chapter-5-results/ensembles/scenario-baseline/coloured-summar
ised-scores.png, id=874, 722.7pt x 361.35pt>
File: ../visualisation/chapter-5-results/ensembles/scenario-baseline/coloured-s
ummarised-scores.png Graphic file (type png)
<use ../visualisation/chapter-5-results/ensembles/scenario-baseline/coloured-su
mmarised-scores.png>
Package pdftex.def Info: ../visualisation/chapter-5-results/ensembles/scenario-
baseline/coloured-summarised-scores.png  used on input line 1058.
(pdftex.def)             Requested size: 426.79732pt x 213.39867pt.
File: ../visualisation/chapter-5-results/scenario-baseline/coloured-summarised-
scores.png Graphic file (type png)
<use ../visualisation/chapter-5-results/scenario-baseline/coloured-summarised-s
cores.png>
Package pdftex.def Info: ../visualisation/chapter-5-results/scenario-baseline/c
oloured-summarised-scores.png  used on input line 1098.
(pdftex.def)             Requested size: 213.39314pt x 106.69656pt.
<../visualisation/chapter-5-results/scenario-1/coloured-summarised-scores.png, 
id=877, 722.7pt x 361.35pt>
File: ../visualisation/chapter-5-results/scenario-1/coloured-summarised-scores.
png Graphic file (type png)
<use ../visualisation/chapter-5-results/scenario-1/coloured-summarised-scores.p
ng>
Package pdftex.def Info: ../visualisation/chapter-5-results/scenario-1/coloured
-summarised-scores.png  used on input line 1098.
(pdftex.def)             Requested size: 213.39314pt x 106.69656pt.
<../visualisation/chapter-5-results/scenario-2/coloured-summarised-scores.png, 
id=878, 722.7pt x 361.35pt>
File: ../visualisation/chapter-5-results/scenario-2/coloured-summarised-scores.
png Graphic file (type png)
<use ../visualisation/chapter-5-results/scenario-2/coloured-summarised-scores.p
ng>
Package pdftex.def Info: ../visualisation/chapter-5-results/scenario-2/coloured
-summarised-scores.png  used on input line 1098.
(pdftex.def)             Requested size: 213.39314pt x 106.69656pt.
<../visualisation/chapter-5-results/scenario-3/coloured-summarised-scores.png, 
id=879, 722.7pt x 361.35pt>
File: ../visualisation/chapter-5-results/scenario-3/coloured-summarised-scores.
png Graphic file (type png)
<use ../visualisation/chapter-5-results/scenario-3/coloured-summarised-scores.p
ng>
Package pdftex.def Info: ../visualisation/chapter-5-results/scenario-3/coloured
-summarised-scores.png  used on input line 1098.
(pdftex.def)             Requested size: 213.39314pt x 106.69656pt.

Overfull \hbox (2.21716pt too wide) in paragraph at lines 1098--1098
[][] []
 []


Overfull \hbox (2.21716pt too wide) in paragraph at lines 1098--1098
[] [] 
 []

[56 <../visualisation/chapter-5-results/ensembles/scenario-baseline/coloured-su
mmarised-scores.png (PNG copy)>] [57 <../visualisation/chapter-5-results/scenar
io-1/coloured-summarised-scores.png (PNG copy)> <../visualisation/chapter-5-res
ults/scenario-2/coloured-summarised-scores.png (PNG copy)> <../visualisation/ch
apter-5-results/scenario-3/coloured-summarised-scores.png (PNG copy)>]
File: ../visualisation/chapter-5-results/ensembles/scenario-baseline/coloured-s
ummarised-scores.png Graphic file (type png)
<use ../visualisation/chapter-5-results/ensembles/scenario-baseline/coloured-su
mmarised-scores.png>
Package pdftex.def Info: ../visualisation/chapter-5-results/ensembles/scenario-
baseline/coloured-summarised-scores.png  used on input line 1104.
(pdftex.def)             Requested size: 213.39314pt x 106.69656pt.
<../visualisation/chapter-5-results/ensembles/scenario-1/coloured-summarised-sc
ores.png, id=893, 722.7pt x 361.35pt>
File: ../visualisation/chapter-5-results/ensembles/scenario-1/coloured-summaris
ed-scores.png Graphic file (type png)
<use ../visualisation/chapter-5-results/ensembles/scenario-1/coloured-summarise
d-scores.png>
Package pdftex.def Info: ../visualisation/chapter-5-results/ensembles/scenario-
1/coloured-summarised-scores.png  used on input line 1104.
(pdftex.def)             Requested size: 213.39314pt x 106.69656pt.
<../visualisation/chapter-5-results/ensembles/scenario-2/coloured-summarised-sc
ores.png, id=894, 722.7pt x 361.35pt>
File: ../visualisation/chapter-5-results/ensembles/scenario-2/coloured-summaris
ed-scores.png Graphic file (type png)
<use ../visualisation/chapter-5-results/ensembles/scenario-2/coloured-summarise
d-scores.png>
Package pdftex.def Info: ../visualisation/chapter-5-results/ensembles/scenario-
2/coloured-summarised-scores.png  used on input line 1104.
(pdftex.def)             Requested size: 213.39314pt x 106.69656pt.
<../visualisation/chapter-5-results/ensembles/scenario-3/coloured-summarised-sc
ores.png, id=895, 722.7pt x 361.35pt>
File: ../visualisation/chapter-5-results/ensembles/scenario-3/coloured-summaris
ed-scores.png Graphic file (type png)
<use ../visualisation/chapter-5-results/ensembles/scenario-3/coloured-summarise
d-scores.png>
Package pdftex.def Info: ../visualisation/chapter-5-results/ensembles/scenario-
3/coloured-summarised-scores.png  used on input line 1104.
(pdftex.def)             Requested size: 213.39314pt x 106.69656pt.

Overfull \hbox (2.21716pt too wide) in paragraph at lines 1104--1104
[][] []
 []


Overfull \hbox (2.21716pt too wide) in paragraph at lines 1104--1104
[] [] 
 []

[58 <../visualisation/chapter-5-results/ensembles/scenario-1/coloured-summarise
d-scores.png (PNG copy)> <../visualisation/chapter-5-results/ensembles/scenario
-2/coloured-summarised-scores.png (PNG copy)> <../visualisation/chapter-5-resul
ts/ensembles/scenario-3/coloured-summarised-scores.png (PNG copy)>]
Chapter 6.
[59

] [60] [61] [62

]
Appendix A.
<../visualisation/chapter-5-results/scenario-baseline/APPENDIX-COVIDhub-baselin
e-forecasts.png, id=931, 867.24pt x 361.35pt>
File: ../visualisation/chapter-5-results/scenario-baseline/APPENDIX-COVIDhub-ba
seline-forecasts.png Graphic file (type png)
<use ../visualisation/chapter-5-results/scenario-baseline/APPENDIX-COVIDhub-bas
eline-forecasts.png>
Package pdftex.def Info: ../visualisation/chapter-5-results/scenario-baseline/A
PPENDIX-COVIDhub-baseline-forecasts.png  used on input line 1163.
(pdftex.def)             Requested size: 426.79071pt x 177.82945pt.
<../visualisation/chapter-5-results/scenario-baseline/APPENDIX-COVIDhub-ensembl
e-forecasts.png, id=932, 867.24pt x 361.35pt>
File: ../visualisation/chapter-5-results/scenario-baseline/APPENDIX-COVIDhub-en
semble-forecasts.png Graphic file (type png)
<use ../visualisation/chapter-5-results/scenario-baseline/APPENDIX-COVIDhub-ens
emble-forecasts.png>
Package pdftex.def Info: ../visualisation/chapter-5-results/scenario-baseline/A
PPENDIX-COVIDhub-ensemble-forecasts.png  used on input line 1167.
(pdftex.def)             Requested size: 426.79071pt x 177.82945pt.
<../visualisation/chapter-5-results/scenario-baseline/APPENDIX-crps-ensemble-fo
recasts.png, id=933, 867.24pt x 361.35pt>
File: ../visualisation/chapter-5-results/scenario-baseline/APPENDIX-crps-ensemb
le-forecasts.png Graphic file (type png)
<use ../visualisation/chapter-5-results/scenario-baseline/APPENDIX-crps-ensembl
e-forecasts.png>
Package pdftex.def Info: ../visualisation/chapter-5-results/scenario-baseline/A
PPENDIX-crps-ensemble-forecasts.png  used on input line 1171.
(pdftex.def)             Requested size: 426.79071pt x 177.82945pt.
<../visualisation/chapter-5-results/scenario-baseline/APPENDIX-CU-select-foreca
sts.png, id=934, 867.24pt x 361.35pt>
File: ../visualisation/chapter-5-results/scenario-baseline/APPENDIX-CU-select-f
orecasts.png Graphic file (type png)
<use ../visualisation/chapter-5-results/scenario-baseline/APPENDIX-CU-select-fo
recasts.png>
Package pdftex.def Info: ../visualisation/chapter-5-results/scenario-baseline/A
PPENDIX-CU-select-forecasts.png  used on input line 1175.
(pdftex.def)             Requested size: 426.79071pt x 177.82945pt.
File: ../visualisation/chapter-5-results/scenario-baseline/APPENDIX-epiforecast
s-ensemble1-forecasts.png Graphic file (type png)
<use ../visualisation/chapter-5-results/scenario-baseline/APPENDIX-epiforecasts
-ensemble1-forecasts.png>
Package pdftex.def Info: ../visualisation/chapter-5-results/scenario-baseline/A
PPENDIX-epiforecasts-ensemble1-forecasts.png  used on input line 1179.
(pdftex.def)             Requested size: 426.79071pt x 177.82945pt.
<../visualisation/chapter-5-results/scenario-baseline/APPENDIX-LANL-GrowthRate-
forecasts.png, id=935, 867.24pt x 361.35pt>
File: ../visualisation/chapter-5-results/scenario-baseline/APPENDIX-LANL-Growth
Rate-forecasts.png Graphic file (type png)
<use ../visualisation/chapter-5-results/scenario-baseline/APPENDIX-LANL-GrowthR
ate-forecasts.png>
Package pdftex.def Info: ../visualisation/chapter-5-results/scenario-baseline/A
PPENDIX-LANL-GrowthRate-forecasts.png  used on input line 1183.
(pdftex.def)             Requested size: 426.79071pt x 177.82945pt.
<../visualisation/chapter-5-results/scenario-baseline/APPENDIX-mean-ensemble-fo
recasts.png, id=936, 867.24pt x 361.35pt>
File: ../visualisation/chapter-5-results/scenario-baseline/APPENDIX-mean-ensemb
le-forecasts.png Graphic file (type png)
<use ../visualisation/chapter-5-results/scenario-baseline/APPENDIX-mean-ensembl
e-forecasts.png>
Package pdftex.def Info: ../visualisation/chapter-5-results/scenario-baseline/A
PPENDIX-mean-ensemble-forecasts.png  used on input line 1187.
(pdftex.def)             Requested size: 426.79071pt x 177.82945pt.
<../visualisation/chapter-5-results/scenario-baseline/APPENDIX-UMass-MechBayes-
forecasts.png, id=937, 867.24pt x 361.35pt>
File: ../visualisation/chapter-5-results/scenario-baseline/APPENDIX-UMass-MechB
ayes-forecasts.png Graphic file (type png)
<use ../visualisation/chapter-5-results/scenario-baseline/APPENDIX-UMass-MechBa
yes-forecasts.png>
Package pdftex.def Info: ../visualisation/chapter-5-results/scenario-baseline/A
PPENDIX-UMass-MechBayes-forecasts.png  used on input line 1191.
(pdftex.def)             Requested size: 426.79071pt x 177.82945pt.
<../visualisation/chapter-5-results/scenario-baseline/APPENDIX-UT-Mobility-fore
casts.png, id=938, 867.24pt x 361.35pt>
File: ../visualisation/chapter-5-results/scenario-baseline/APPENDIX-UT-Mobility
-forecasts.png Graphic file (type png)
<use ../visualisation/chapter-5-results/scenario-baseline/APPENDIX-UT-Mobility-
forecasts.png>
Package pdftex.def Info: ../visualisation/chapter-5-results/scenario-baseline/A
PPENDIX-UT-Mobility-forecasts.png  used on input line 1195.
(pdftex.def)             Requested size: 426.79071pt x 177.82945pt.
<../visualisation/chapter-5-results/scenario-baseline/APPENDIX-YYG-ParamSearch-
forecasts.png, id=939, 867.24pt x 361.35pt>
File: ../visualisation/chapter-5-results/scenario-baseline/APPENDIX-YYG-ParamSe
arch-forecasts.png Graphic file (type png)
<use ../visualisation/chapter-5-results/scenario-baseline/APPENDIX-YYG-ParamSea
rch-forecasts.png>
Package pdftex.def Info: ../visualisation/chapter-5-results/scenario-baseline/A
PPENDIX-YYG-ParamSearch-forecasts.png  used on input line 1199.
(pdftex.def)             Requested size: 426.79071pt x 177.82945pt.
<../visualisation/chapter-5-results/scenario-baseline/wis-contributions-relativ
e.png, id=940, 939.51pt x 469.755pt>
File: ../visualisation/chapter-5-results/scenario-baseline/wis-contributions-re
lative.png Graphic file (type png)
<use ../visualisation/chapter-5-results/scenario-baseline/wis-contributions-rel
ative.png>
Package pdftex.def Info: ../visualisation/chapter-5-results/scenario-baseline/w
is-contributions-relative.png  used on input line 1204.
(pdftex.def)             Requested size: 426.7896pt x 213.3948pt.
<../visualisation/chapter-5-results/scenario-baseline/wis-contributions-rel-sta
te2.png, id=941, 939.51pt x 469.755pt>
File: ../visualisation/chapter-5-results/scenario-baseline/wis-contributions-re
l-state2.png Graphic file (type png)
<use ../visualisation/chapter-5-results/scenario-baseline/wis-contributions-rel
-state2.png>
Package pdftex.def Info: ../visualisation/chapter-5-results/scenario-baseline/w
is-contributions-rel-state2.png  used on input line 1213.
(pdftex.def)             Requested size: 426.7896pt x 213.3948pt.
<../visualisation/chapter-5-results/scenario-baseline/APPENDIX-coverage-plots-h
orizons.png, id=942, 1047.915pt x 1264.725pt>
File: ../visualisation/chapter-5-results/scenario-baseline/APPENDIX-coverage-pl
ots-horizons.png Graphic file (type png)
<use ../visualisation/chapter-5-results/scenario-baseline/APPENDIX-coverage-plo
ts-horizons.png>
Package pdftex.def Info: ../visualisation/chapter-5-results/scenario-baseline/A
PPENDIX-coverage-plots-horizons.png  used on input line 1221.
(pdftex.def)             Requested size: 426.78574pt x 515.08624pt.
(./master_thesis.bbl [63 <../visualisation/chapter-5-results/scenario-baseline/
APPENDIX-COVIDhub-baseline-forecasts.png (PNG copy)> <../visualisation/chapter-
5-results/scenario-baseline/APPENDIX-COVIDhub-ensemble-forecasts.png (PNG copy)
>] [64 <../visualisation/chapter-5-results/scenario-baseline/APPENDIX-crps-ense
mble-forecasts.png (PNG copy)> <../visualisation/chapter-5-results/scenario-bas
eline/APPENDIX-CU-select-forecasts.png (PNG copy)>] [65 <../visualisation/chapt
er-5-results/scenario-baseline/APPENDIX-LANL-GrowthRate-forecasts.png (PNG copy
)> <../visualisation/chapter-5-results/scenario-baseline/APPENDIX-mean-ensemble
-forecasts.png (PNG copy)> <../visualisation/chapter-5-results/scenario-baselin
e/APPENDIX-UMass-MechBayes-forecasts.png (PNG copy)>] [66 <../visualisation/cha
pter-5-results/scenario-baseline/APPENDIX-UT-Mobility-forecasts.png (PNG copy)>
 <../visualisation/chapter-5-results/scenario-baseline/APPENDIX-YYG-ParamSearch
-forecasts.png (PNG copy)> <../visualisation/chapter-5-results/scenario-baselin
e/wis-contributions-relative.png (PNG copy)>] [67 <../visualisation/chapter-5-r
esults/scenario-baseline/wis-contributions-rel-state2.png (PNG copy)>] [68 <../
visualisation/chapter-5-results/scenario-baseline/APPENDIX-coverage-plots-horiz
ons.png (PNG copy)>] [69

] [70]
Overfull \hbox (19.84938pt too wide) in paragraph at lines 239--242
[]\T1/lmr/m/n/10 (-20) Tibshirani, Ryan (2020).  Quan-tile Stack-ing.  https://
ryantibs.github.io/quantgen/stacking_example.html. 
 []

)
Package atveryend Info: Empty hook `BeforeClearDocument' on input line 1228.
[71]
Package atveryend Info: Empty hook `AfterLastShipout' on input line 1228.
(./master_thesis.aux)
Package atveryend Info: Executing hook `AtVeryEndDocument' on input line 1228.
Package atveryend Info: Empty hook `AtEndAfterFileList' on input line 1228.

LaTeX Warning: There were undefined references.

 ) 
Here is how much of TeX's memory you used:
 16062 strings out of 480478
 258628 string characters out of 5905959
 537834 words of memory out of 5000000
 31287 multiletter control sequences out of 15000+600000
 622234 words of font info for 168 fonts, out of 8000000 for 9000
 1141 hyphenation exceptions out of 8191
 41i,12n,45p,2582b,500s stack positions out of 5000i,500n,10000p,200000b,80000s
{/usr/share/texmf-dist/fonts/enc/dvips/lm/lm-mathit.enc}{/usr/share/texmf-dis
t/fonts/enc/dvips/lm/lm-ec.enc}{/usr/share/texmf-dist/fonts/enc/dvips/lm/lm-mat
hsy.enc}{/usr/share/texmf-dist/fonts/enc/dvips/lm/lm-mathex.enc}{/usr/share/tex
mf-dist/fonts/enc/dvips/lm/lm-rm.enc} </home/nikos/.texlive/texmf-var/fonts/pk/
ljfour/public/bbm/bbm10.600pk></usr/share/texmf-dist/fonts/type1/public/lm/lmbx
10.pfb></usr/share/texmf-dist/fonts/type1/public/lm/lmbx12.pfb></usr/share/texm
f-dist/fonts/type1/public/lm/lmex10.pfb></usr/share/texmf-dist/fonts/type1/publ
ic/lm/lmmi10.pfb></usr/share/texmf-dist/fonts/type1/public/lm/lmmi5.pfb></usr/s
hare/texmf-dist/fonts/type1/public/lm/lmmi6.pfb></usr/share/texmf-dist/fonts/ty
pe1/public/lm/lmmi7.pfb></usr/share/texmf-dist/fonts/type1/public/lm/lmmi8.pfb>
</usr/share/texmf-dist/fonts/type1/public/lm/lmr10.pfb></usr/share/texmf-dist/f
onts/type1/public/lm/lmr12.pfb></usr/share/texmf-dist/fonts/type1/public/lm/lmr
5.pfb></usr/share/texmf-dist/fonts/type1/public/lm/lmr6.pfb></usr/share/texmf-d
ist/fonts/type1/public/lm/lmr7.pfb></usr/share/texmf-dist/fonts/type1/public/lm
/lmr8.pfb></usr/share/texmf-dist/fonts/type1/public/lm/lmri10.pfb></usr/share/t
exmf-dist/fonts/type1/public/lm/lmsy10.pfb></usr/share/texmf-dist/fonts/type1/p
ublic/lm/lmsy5.pfb></usr/share/texmf-dist/fonts/type1/public/lm/lmsy7.pfb></usr
/share/texmf-dist/fonts/type1/public/lm/lmsy8.pfb></usr/share/texmf-dist/fonts/
type1/public/lm/lmtk10.pfb></usr/share/texmf-dist/fonts/type1/public/lm/lmtt10.
pfb></usr/share/texmf-dist/fonts/type1/public/lm/lmtt8.pfb></usr/share/texmf-di
st/fonts/type1/public/lm/lmtti10.pfb>
Output written on master_thesis.pdf (71 pages, 22540410 bytes).
PDF statistics:
 1265 PDF objects out of 1440 (max. 8388607)
 1090 compressed objects within 11 object streams
 298 named destinations out of 1000 (max. 500000)
 14927 words of extra memory for PDF output out of 17280 (max. 10000000)

